Using pre-set license
Built from '2021.3/staging' branch; Version is '2021.3.13f1 (9e7d58001ecf) revision 10386776'; Using compiler version '192829333'; Build Type 'Release'
OS: 'Windows 11  (10.0.22621) 64bit Core' Language: 'en' Physical Memory: 16169 MB
BatchMode: 1, IsHumanControllingUs: 0, StartBugReporterOnCrash: 0, Is64bit: 1, IsPro: 1

COMMAND LINE ARGUMENTS:
C:\Program Files\Unity\Hub\Editor\2021.3.13f1\Editor\Unity.exe
-adb2
-batchMode
-noUpm
-name
AssetImportWorker0
-projectPath
C:/Users/farha/OneDrive/Desktop/Desktop/backup Stuff/Fin-Exam/Final
-logFile
Logs/AssetImportWorker0.log
-srvPort
51026
Successfully changed project path to: C:/Users/farha/OneDrive/Desktop/Desktop/backup Stuff/Fin-Exam/Final
C:/Users/farha/OneDrive/Desktop/Desktop/backup Stuff/Fin-Exam/Final
[UnityMemory] Configuration Parameters - Can be set up in boot.config
    "memorysetup-bucket-allocator-granularity=16"
    "memorysetup-bucket-allocator-bucket-count=8"
    "memorysetup-bucket-allocator-block-size=33554432"
    "memorysetup-bucket-allocator-block-count=8"
    "memorysetup-main-allocator-block-size=16777216"
    "memorysetup-thread-allocator-block-size=16777216"
    "memorysetup-gfx-main-allocator-block-size=16777216"
    "memorysetup-gfx-thread-allocator-block-size=16777216"
    "memorysetup-cache-allocator-block-size=4194304"
    "memorysetup-typetree-allocator-block-size=2097152"
    "memorysetup-profiler-bucket-allocator-granularity=16"
    "memorysetup-profiler-bucket-allocator-bucket-count=8"
    "memorysetup-profiler-bucket-allocator-block-size=33554432"
    "memorysetup-profiler-bucket-allocator-block-count=8"
    "memorysetup-profiler-allocator-block-size=16777216"
    "memorysetup-profiler-editor-allocator-block-size=1048576"
    "memorysetup-temp-allocator-size-main=16777216"
    "memorysetup-job-temp-allocator-block-size=2097152"
    "memorysetup-job-temp-allocator-block-size-background=1048576"
    "memorysetup-job-temp-allocator-reduction-small-platforms=262144"
    "memorysetup-temp-allocator-size-background-worker=32768"
    "memorysetup-temp-allocator-size-job-worker=262144"
    "memorysetup-temp-allocator-size-preload-manager=33554432"
    "memorysetup-temp-allocator-size-nav-mesh-worker=65536"
    "memorysetup-temp-allocator-size-audio-worker=65536"
    "memorysetup-temp-allocator-size-cloud-worker=32768"
    "memorysetup-temp-allocator-size-gi-baking-worker=262144"
    "memorysetup-temp-allocator-size-gfx=262144"
Refreshing native plugins compatible for Editor in 94.72 ms, found 3 plugins.
Preloading 0 native plugins for Editor in 0.00 ms.
Initialize engine version: 2021.3.13f1 (9e7d58001ecf)
[Subsystems] Discovering subsystems at path C:/Program Files/Unity/Hub/Editor/2021.3.13f1/Editor/Data/Resources/UnitySubsystems
[Subsystems] Discovering subsystems at path C:/Users/farha/OneDrive/Desktop/Desktop/backup Stuff/Fin-Exam/Final/Assets
GfxDevice: creating device client; threaded=0; jobified=0
Direct3D:
    Version:  Direct3D 11.0 [level 11.1]
    Renderer: NVIDIA GeForce RTX 2060 (ID=0x1f15)
    Vendor:   NVIDIA
    VRAM:     5968 MB
    Driver:   31.0.15.2824
Initialize mono
Mono path[0] = 'C:/Program Files/Unity/Hub/Editor/2021.3.13f1/Editor/Data/Managed'
Mono path[1] = 'C:/Program Files/Unity/Hub/Editor/2021.3.13f1/Editor/Data/MonoBleedingEdge/lib/mono/unityjit-win32'
Mono config path = 'C:/Program Files/Unity/Hub/Editor/2021.3.13f1/Editor/Data/MonoBleedingEdge/etc'
Using monoOptions --debugger-agent=transport=dt_socket,embedding=1,server=y,suspend=n,address=127.0.0.1:56896
Begin MonoManager ReloadAssembly
Registering precompiled unity dll's ...
Register platform support module: C:/Program Files/Unity/Hub/Editor/2021.3.13f1/Editor/Data/PlaybackEngines/WebGLSupport/UnityEditor.WebGL.Extensions.dll
Register platform support module: C:/Program Files/Unity/Hub/Editor/2021.3.13f1/Editor/Data/PlaybackEngines/WindowsStandaloneSupport/UnityEditor.WindowsStandalone.Extensions.dll
Registered in 0.005038 seconds.
Native extension for WindowsStandalone target not found
Native extension for WebGL target not found
Refreshing native plugins compatible for Editor in 97.60 ms, found 3 plugins.
Preloading 0 native plugins for Editor in 0.00 ms.
Mono: successfully reloaded assembly
- Completed reload, in  0.710 seconds
Domain Reload Profiling:
	ReloadAssembly (710ms)
		BeginReloadAssembly (74ms)
			ExecutionOrderSort (0ms)
			DisableScriptedObjects (0ms)
			BackupInstance (0ms)
			ReleaseScriptingObjects (0ms)
			CreateAndSetChildDomain (1ms)
		EndReloadAssembly (521ms)
			LoadAssemblies (72ms)
			RebuildTransferFunctionScriptingTraits (0ms)
			SetupTypeCache (117ms)
			ReleaseScriptCaches (0ms)
			RebuildScriptCaches (32ms)
			SetupLoadedEditorAssemblies (320ms)
				LogAssemblyErrors (0ms)
				InitializePlatformSupportModulesInManaged (9ms)
				SetLoadedEditorAssemblies (0ms)
				RefreshPlugins (98ms)
				BeforeProcessingInitializeOnLoad (1ms)
				ProcessInitializeOnLoadAttributes (165ms)
				ProcessInitializeOnLoadMethodAttributes (48ms)
				AfterProcessingInitializeOnLoad (0ms)
				EditorAssembliesLoaded (0ms)
			ExecutionOrderSort2 (0ms)
			AwakeInstancesAfterBackupRestoration (0ms)
Platform modules already initialized, skipping
Registering precompiled user dll's ...
Registered in 0.005468 seconds.
Begin MonoManager ReloadAssembly
Symbol file LoadedFromMemory doesn't match image C:\Users\farha\OneDrive\Desktop\Desktop\backup Stuff\Fin-Exam\Final\Library\PackageCache\com.unity.visualscripting@1.7.8\Editor\VisualScripting.Core\Dependencies\YamlDotNet\Unity.VisualScripting.YamlDotNet.dll
Symbol file LoadedFromMemory doesn't match image C:\Users\farha\OneDrive\Desktop\Desktop\backup Stuff\Fin-Exam\Final\Library\PackageCache\com.unity.visualscripting@1.7.8\Editor\VisualScripting.Core\Dependencies\DotNetZip\Unity.VisualScripting.IonicZip.dll
Native extension for WindowsStandalone target not found
Native extension for WebGL target not found
Refreshing native plugins compatible for Editor in 0.52 ms, found 3 plugins.
Preloading 0 native plugins for Editor in 0.00 ms.
Mono: successfully reloaded assembly
- Completed reload, in  1.175 seconds
Domain Reload Profiling:
	ReloadAssembly (1176ms)
		BeginReloadAssembly (118ms)
			ExecutionOrderSort (0ms)
			DisableScriptedObjects (6ms)
			BackupInstance (0ms)
			ReleaseScriptingObjects (0ms)
			CreateAndSetChildDomain (21ms)
		EndReloadAssembly (913ms)
			LoadAssemblies (85ms)
			RebuildTransferFunctionScriptingTraits (0ms)
			SetupTypeCache (309ms)
			ReleaseScriptCaches (1ms)
			RebuildScriptCaches (54ms)
			SetupLoadedEditorAssemblies (410ms)
				LogAssemblyErrors (0ms)
				InitializePlatformSupportModulesInManaged (6ms)
				SetLoadedEditorAssemblies (0ms)
				RefreshPlugins (1ms)
				BeforeProcessingInitializeOnLoad (99ms)
				ProcessInitializeOnLoadAttributes (264ms)
				ProcessInitializeOnLoadMethodAttributes (31ms)
				AfterProcessingInitializeOnLoad (7ms)
				EditorAssembliesLoaded (0ms)
			ExecutionOrderSort2 (0ms)
			AwakeInstancesAfterBackupRestoration (7ms)
Platform modules already initialized, skipping
========================================================================
Worker process is ready to serve import requests
Launched and connected shader compiler UnityShaderCompiler.exe after 0.05 seconds
Refreshing native plugins compatible for Editor in 1.11 ms, found 3 plugins.
Preloading 0 native plugins for Editor in 0.00 ms.
Unloading 3349 Unused Serialized files (Serialized files now loaded: 0)
Unloading 27 unused Assets / (113.4 KB). Loaded Objects now: 3806.
Memory consumption went from 115.3 MB to 115.2 MB.
Total: 3.235800 ms (FindLiveObjects: 0.314200 ms CreateObjectMapping: 0.325200 ms MarkObjects: 2.499400 ms  DeleteObjects: 0.096200 ms)

AssetImportParameters requested are different than current active one (requested -> active):
  custom:video-decoder-ogg-theora: a1e56fd34408186e4bbccfd4996cb3dc -> 
  custom:container-muxer-webm: aa71ff27fc2769a1b78a27578f13a17b -> 
  custom:container-demuxer-webm: 4f35f7cbe854078d1ac9338744f61a02 -> 
  custom:video-encoder-webm-vp8: eb34c28f22e8b96e1ab97ce403110664 -> 
  custom:video-codec-MediaFoundation-h265: 746d11721c4dcdbdad8f713fa42b33f4 -> 
  custom:audio-encoder-webm-vorbis: bf7c407c2cedff20999df2af8eb42d56 -> 
  custom:framework-win-MediaFoundation: 216162199b28c13a410421893ffa2e32 -> 
  custom:container-demuxer-ogg: 62fdf1f143b41e24485cea50d1cbac27 -> 
  custom:video-decoder-webm-vp8: 9c59270c3fd7afecdb556c50c9e8de78 -> 
  custom:audio-decoder-ogg-vorbis: bf7c407c2cedff20999df2af8eb42d56 -> 
========================================================================
Received Import Request.
  Time since last request: 7129.932707 seconds.
  path: Assets/Shaders
  artifactKey: Guid(2aaf1f5a479fdc343995c0c8251e05b8) Importer(815301076,1909f56bfc062723c751e8b465ee728b)
Start importing Assets/Shaders using Guid(2aaf1f5a479fdc343995c0c8251e05b8) Importer(815301076,1909f56bfc062723c751e8b465ee728b)  -> (artifact id: '7b77aa5176d861ccabaee8e195c8789d') in 0.011460 seconds 
========================================================================
Received Import Request.
  Time since last request: 4.998994 seconds.
  path: Assets/Materials
  artifactKey: Guid(29742f11826658241aa9677388f329d7) Importer(815301076,1909f56bfc062723c751e8b465ee728b)
Start importing Assets/Materials using Guid(29742f11826658241aa9677388f329d7) Importer(815301076,1909f56bfc062723c751e8b465ee728b)  -> (artifact id: 'a434648f87cd6876cb7c3a240243599f') in 0.008004 seconds 
========================================================================
Received Import Request.
  Time since last request: 5.097084 seconds.
  path: Assets/Scripts
  artifactKey: Guid(69360350870a3d547a0d1e96d8cf0942) Importer(815301076,1909f56bfc062723c751e8b465ee728b)
Start importing Assets/Scripts using Guid(69360350870a3d547a0d1e96d8cf0942) Importer(815301076,1909f56bfc062723c751e8b465ee728b)  -> (artifact id: '14f08f2b569f885183fd2cde4a0ca9ca') in 0.020506 seconds 
========================================================================
Received Import Request.
  Time since last request: 701.976931 seconds.
  path: Assets/Shaders/BlinnPhong.shader
  artifactKey: Guid(416590eb32e9584418cfb93debe7d5a0) Importer(815301076,1909f56bfc062723c751e8b465ee728b)
Start importing Assets/Shaders/BlinnPhong.shader using Guid(416590eb32e9584418cfb93debe7d5a0) Importer(815301076,1909f56bfc062723c751e8b465ee728b)  -> (artifact id: 'e042b06ca56523b704c5beab5ac02987') in 0.041338 seconds 
========================================================================
Received Import Request.
  Time since last request: 19.024964 seconds.
  path: Assets/Scripts/Bloom.cs
  artifactKey: Guid(386d478f1970f21448b3afc9abaa7053) Importer(815301076,1909f56bfc062723c751e8b465ee728b)
Start importing Assets/Scripts/Bloom.cs using Guid(386d478f1970f21448b3afc9abaa7053) Importer(815301076,1909f56bfc062723c751e8b465ee728b)  -> (artifact id: '079341c4a605ffccd109704f4ee18822') in 0.012134 seconds 
========================================================================
Received Prepare
Registering precompiled user dll's ...
Registered in 0.005404 seconds.
Begin MonoManager ReloadAssembly
Symbol file LoadedFromMemory doesn't match image C:\Users\farha\OneDrive\Desktop\Desktop\backup Stuff\Fin-Exam\Final\Library\PackageCache\com.unity.visualscripting@1.7.8\Editor\VisualScripting.Core\Dependencies\YamlDotNet\Unity.VisualScripting.YamlDotNet.dll
Symbol file LoadedFromMemory doesn't match image C:\Users\farha\OneDrive\Desktop\Desktop\backup Stuff\Fin-Exam\Final\Library\PackageCache\com.unity.visualscripting@1.7.8\Editor\VisualScripting.Core\Dependencies\DotNetZip\Unity.VisualScripting.IonicZip.dll
Native extension for WindowsStandalone target not found
Native extension for WebGL target not found
Refreshing native plugins compatible for Editor in 0.55 ms, found 3 plugins.
Preloading 0 native plugins for Editor in 0.00 ms.
Mono: successfully reloaded assembly
- Completed reload, in  1.100 seconds
Domain Reload Profiling:
	ReloadAssembly (1101ms)
		BeginReloadAssembly (147ms)
			ExecutionOrderSort (0ms)
			DisableScriptedObjects (6ms)
			BackupInstance (0ms)
			ReleaseScriptingObjects (0ms)
			CreateAndSetChildDomain (42ms)
		EndReloadAssembly (834ms)
			LoadAssemblies (87ms)
			RebuildTransferFunctionScriptingTraits (0ms)
			SetupTypeCache (302ms)
			ReleaseScriptCaches (2ms)
			RebuildScriptCaches (48ms)
			SetupLoadedEditorAssemblies (348ms)
				LogAssemblyErrors (0ms)
				InitializePlatformSupportModulesInManaged (14ms)
				SetLoadedEditorAssemblies (0ms)
				RefreshPlugins (1ms)
				BeforeProcessingInitializeOnLoad (67ms)
				ProcessInitializeOnLoadAttributes (225ms)
				ProcessInitializeOnLoadMethodAttributes (35ms)
				AfterProcessingInitializeOnLoad (6ms)
				EditorAssembliesLoaded (0ms)
			ExecutionOrderSort2 (0ms)
			AwakeInstancesAfterBackupRestoration (6ms)
Platform modules already initialized, skipping
Shader 'Custom/SimpleSpecular': fallback shader 'Simple Specular' not found
Shader 'Custom/SimpleSpecular': fallback shader 'Simple Specular' not found
Refreshing native plugins compatible for Editor in 1.88 ms, found 3 plugins.
Preloading 0 native plugins for Editor in 0.00 ms.
Unloading 3381 Unused Serialized files (Serialized files now loaded: 0)
Unloading 56 unused Assets / (8.4 MB). Loaded Objects now: 3812.
Memory consumption went from 127.9 MB to 119.4 MB.
Total: 6.726900 ms (FindLiveObjects: 0.244300 ms CreateObjectMapping: 0.164300 ms MarkObjects: 2.951700 ms  DeleteObjects: 3.365700 ms)

AssetImportParameters requested are different than current active one (requested -> active):
  custom:video-decoder-ogg-theora: a1e56fd34408186e4bbccfd4996cb3dc -> 
  custom:container-muxer-webm: aa71ff27fc2769a1b78a27578f13a17b -> 
  custom:container-demuxer-webm: 4f35f7cbe854078d1ac9338744f61a02 -> 
  custom:video-encoder-webm-vp8: eb34c28f22e8b96e1ab97ce403110664 -> 
  custom:video-codec-MediaFoundation-h265: 746d11721c4dcdbdad8f713fa42b33f4 -> 
  custom:audio-encoder-webm-vorbis: bf7c407c2cedff20999df2af8eb42d56 -> 
  custom:framework-win-MediaFoundation: 216162199b28c13a410421893ffa2e32 -> 
  custom:container-demuxer-ogg: 62fdf1f143b41e24485cea50d1cbac27 -> 
  custom:video-decoder-webm-vp8: 9c59270c3fd7afecdb556c50c9e8de78 -> 
  custom:audio-decoder-ogg-vorbis: bf7c407c2cedff20999df2af8eb42d56 -> 
========================================================================
Received Prepare
Registering precompiled user dll's ...
Registered in 0.005424 seconds.
Begin MonoManager ReloadAssembly
Symbol file LoadedFromMemory doesn't match image C:\Users\farha\OneDrive\Desktop\Desktop\backup Stuff\Fin-Exam\Final\Library\PackageCache\com.unity.visualscripting@1.7.8\Editor\VisualScripting.Core\Dependencies\YamlDotNet\Unity.VisualScripting.YamlDotNet.dll
Symbol file LoadedFromMemory doesn't match image C:\Users\farha\OneDrive\Desktop\Desktop\backup Stuff\Fin-Exam\Final\Library\PackageCache\com.unity.visualscripting@1.7.8\Editor\VisualScripting.Core\Dependencies\DotNetZip\Unity.VisualScripting.IonicZip.dll
Native extension for WindowsStandalone target not found
Native extension for WebGL target not found
Refreshing native plugins compatible for Editor in 0.55 ms, found 3 plugins.
Preloading 0 native plugins for Editor in 0.00 ms.
Mono: successfully reloaded assembly
- Completed reload, in  1.132 seconds
Domain Reload Profiling:
	ReloadAssembly (1133ms)
		BeginReloadAssembly (185ms)
			ExecutionOrderSort (0ms)
			DisableScriptedObjects (13ms)
			BackupInstance (0ms)
			ReleaseScriptingObjects (0ms)
			CreateAndSetChildDomain (49ms)
		EndReloadAssembly (843ms)
			LoadAssemblies (95ms)
			RebuildTransferFunctionScriptingTraits (0ms)
			SetupTypeCache (312ms)
			ReleaseScriptCaches (1ms)
			RebuildScriptCaches (44ms)
			SetupLoadedEditorAssemblies (357ms)
				LogAssemblyErrors (0ms)
				InitializePlatformSupportModulesInManaged (14ms)
				SetLoadedEditorAssemblies (0ms)
				RefreshPlugins (1ms)
				BeforeProcessingInitializeOnLoad (74ms)
				ProcessInitializeOnLoadAttributes (232ms)
				ProcessInitializeOnLoadMethodAttributes (30ms)
				AfterProcessingInitializeOnLoad (6ms)
				EditorAssembliesLoaded (0ms)
			ExecutionOrderSort2 (0ms)
			AwakeInstancesAfterBackupRestoration (6ms)
Platform modules already initialized, skipping
Shader 'Custom/SimpleSpecular': fallback shader 'Simple Specular' not found
Shader 'Custom/SimpleSpecular': fallback shader 'Simple Specular' not found
Refreshing native plugins compatible for Editor in 2.01 ms, found 3 plugins.
Preloading 0 native plugins for Editor in 0.00 ms.
Unloading 3380 Unused Serialized files (Serialized files now loaded: 0)
Unloading 57 unused Assets / (8.4 MB). Loaded Objects now: 3814.
Memory consumption went from 127.9 MB to 119.4 MB.
Total: 6.859500 ms (FindLiveObjects: 0.276800 ms CreateObjectMapping: 0.168800 ms MarkObjects: 2.673600 ms  DeleteObjects: 3.739400 ms)

AssetImportParameters requested are different than current active one (requested -> active):
  custom:video-decoder-ogg-theora: a1e56fd34408186e4bbccfd4996cb3dc -> 
  custom:container-muxer-webm: aa71ff27fc2769a1b78a27578f13a17b -> 
  custom:container-demuxer-webm: 4f35f7cbe854078d1ac9338744f61a02 -> 
  custom:video-encoder-webm-vp8: eb34c28f22e8b96e1ab97ce403110664 -> 
  custom:video-codec-MediaFoundation-h265: 746d11721c4dcdbdad8f713fa42b33f4 -> 
  custom:audio-encoder-webm-vorbis: bf7c407c2cedff20999df2af8eb42d56 -> 
  custom:framework-win-MediaFoundation: 216162199b28c13a410421893ffa2e32 -> 
  custom:container-demuxer-ogg: 62fdf1f143b41e24485cea50d1cbac27 -> 
  custom:video-decoder-webm-vp8: 9c59270c3fd7afecdb556c50c9e8de78 -> 
  custom:audio-decoder-ogg-vorbis: bf7c407c2cedff20999df2af8eb42d56 -> 
========================================================================
Received Prepare
Registering precompiled user dll's ...
Registered in 0.005112 seconds.
Begin MonoManager ReloadAssembly
Symbol file LoadedFromMemory doesn't match image C:\Users\farha\OneDrive\Desktop\Desktop\backup Stuff\Fin-Exam\Final\Library\PackageCache\com.unity.visualscripting@1.7.8\Editor\VisualScripting.Core\Dependencies\YamlDotNet\Unity.VisualScripting.YamlDotNet.dll
Symbol file LoadedFromMemory doesn't match image C:\Users\farha\OneDrive\Desktop\Desktop\backup Stuff\Fin-Exam\Final\Library\PackageCache\com.unity.visualscripting@1.7.8\Editor\VisualScripting.Core\Dependencies\DotNetZip\Unity.VisualScripting.IonicZip.dll
Native extension for WindowsStandalone target not found
Native extension for WebGL target not found
Refreshing native plugins compatible for Editor in 0.62 ms, found 3 plugins.
Preloading 0 native plugins for Editor in 0.00 ms.
Mono: successfully reloaded assembly
- Completed reload, in  1.105 seconds
Domain Reload Profiling:
	ReloadAssembly (1106ms)
		BeginReloadAssembly (148ms)
			ExecutionOrderSort (0ms)
			DisableScriptedObjects (6ms)
			BackupInstance (0ms)
			ReleaseScriptingObjects (0ms)
			CreateAndSetChildDomain (36ms)
		EndReloadAssembly (854ms)
			LoadAssemblies (97ms)
			RebuildTransferFunctionScriptingTraits (0ms)
			SetupTypeCache (306ms)
			ReleaseScriptCaches (1ms)
			RebuildScriptCaches (46ms)
			SetupLoadedEditorAssemblies (365ms)
				LogAssemblyErrors (0ms)
				InitializePlatformSupportModulesInManaged (16ms)
				SetLoadedEditorAssemblies (1ms)
				RefreshPlugins (1ms)
				BeforeProcessingInitializeOnLoad (75ms)
				ProcessInitializeOnLoadAttributes (230ms)
				ProcessInitializeOnLoadMethodAttributes (32ms)
				AfterProcessingInitializeOnLoad (10ms)
				EditorAssembliesLoaded (0ms)
			ExecutionOrderSort2 (0ms)
			AwakeInstancesAfterBackupRestoration (7ms)
Platform modules already initialized, skipping
Shader 'Custom/SimpleSpecular': fallback shader 'Simple Specular' not found
Shader 'Custom/SimpleSpecular': fallback shader 'Simple Specular' not found
Refreshing native plugins compatible for Editor in 1.86 ms, found 3 plugins.
Preloading 0 native plugins for Editor in 0.00 ms.
Unloading 3385 Unused Serialized files (Serialized files now loaded: 0)
Unloading 56 unused Assets / (8.4 MB). Loaded Objects now: 3822.
Memory consumption went from 128.0 MB to 119.6 MB.
Total: 6.305200 ms (FindLiveObjects: 0.256000 ms CreateObjectMapping: 0.191200 ms MarkObjects: 2.415400 ms  DeleteObjects: 3.441800 ms)

AssetImportParameters requested are different than current active one (requested -> active):
  custom:video-decoder-ogg-theora: a1e56fd34408186e4bbccfd4996cb3dc -> 
  custom:container-muxer-webm: aa71ff27fc2769a1b78a27578f13a17b -> 
  custom:container-demuxer-webm: 4f35f7cbe854078d1ac9338744f61a02 -> 
  custom:video-encoder-webm-vp8: eb34c28f22e8b96e1ab97ce403110664 -> 
  custom:video-codec-MediaFoundation-h265: 746d11721c4dcdbdad8f713fa42b33f4 -> 
  custom:audio-encoder-webm-vorbis: bf7c407c2cedff20999df2af8eb42d56 -> 
  custom:framework-win-MediaFoundation: 216162199b28c13a410421893ffa2e32 -> 
  custom:container-demuxer-ogg: 62fdf1f143b41e24485cea50d1cbac27 -> 
  custom:video-decoder-webm-vp8: 9c59270c3fd7afecdb556c50c9e8de78 -> 
  custom:audio-decoder-ogg-vorbis: bf7c407c2cedff20999df2af8eb42d56 -> 
========================================================================
Received Import Request.
  Time since last request: 76.947643 seconds.
  path: Assets/Scripts/Distort.cs
  artifactKey: Guid(7340b79edb25ebc4ca0371c24419ffbe) Importer(815301076,1909f56bfc062723c751e8b465ee728b)
Start importing Assets/Scripts/Distort.cs using Guid(7340b79edb25ebc4ca0371c24419ffbe) Importer(815301076,1909f56bfc062723c751e8b465ee728b)  -> (artifact id: 'bcf2f27e8f2182008335a71f791b53f5') in 0.011146 seconds 
========================================================================
Received Import Request.
  Time since last request: 127.516482 seconds.
  path: Assets/Shaders/BasicComputeShader.compute
  artifactKey: Guid(e3e258228c0147c46ba20ee2b806dd32) Importer(815301076,1909f56bfc062723c751e8b465ee728b)
Start importing Assets/Shaders/BasicComputeShader.compute using Guid(e3e258228c0147c46ba20ee2b806dd32) Importer(815301076,1909f56bfc062723c751e8b465ee728b)  -> (artifact id: '1ee423075772070e310fe08ab115fdcf') in 0.023536 seconds 
========================================================================
Received Import Request.
  Time since last request: 0.000034 seconds.
  path: Assets/Shaders/post-process-computer (1).compute
  artifactKey: Guid(15319dfaf4456fd45907bd1f7fe98ae8) Importer(815301076,1909f56bfc062723c751e8b465ee728b)
Start importing Assets/Shaders/post-process-computer (1).compute using Guid(15319dfaf4456fd45907bd1f7fe98ae8) Importer(815301076,1909f56bfc062723c751e8b465ee728b)  -> (artifact id: '8cb6151bae3ccc1642e0a5a7612b5296') in 0.007622 seconds 
========================================================================
Received Import Request.
  Time since last request: 0.000041 seconds.
  path: Assets/Shaders/perlinCompute.compute
  artifactKey: Guid(6a1086f04cb718044a571f7db61a3a59) Importer(815301076,1909f56bfc062723c751e8b465ee728b)
Start importing Assets/Shaders/perlinCompute.compute using Guid(6a1086f04cb718044a571f7db61a3a59) Importer(815301076,1909f56bfc062723c751e8b465ee728b)  -> (artifact id: '19f873dac3c60b7d909eb541823ae177') in 0.007657 seconds 
========================================================================
Received Import Request.
  Time since last request: 18.715289 seconds.
  path: Assets/Shaders/BlinnPhong.mat
  artifactKey: Guid(76753f2067e0f124d8667e6468386d7c) Importer(815301076,1909f56bfc062723c751e8b465ee728b)
Start importing Assets/Shaders/BlinnPhong.mat using Guid(76753f2067e0f124d8667e6468386d7c) Importer(815301076,1909f56bfc062723c751e8b465ee728b)  -> (artifact id: 'b7279f983498f9a50c1778f28cc6b687') in 0.212463 seconds 
========================================================================
Received Import Request.
  Time since last request: 1.751614 seconds.
  path: Assets/Shaders/Bloom.shader
  artifactKey: Guid(e655671b385ecca48b3ed89b7ae7a6d5) Importer(815301076,1909f56bfc062723c751e8b465ee728b)
Start importing Assets/Shaders/Bloom.shader using Guid(e655671b385ecca48b3ed89b7ae7a6d5) Importer(815301076,1909f56bfc062723c751e8b465ee728b)  -> (artifact id: '4b28fcd1a6695d90c3069196f86594bb') in 0.005498 seconds 
========================================================================
Received Import Request.
  Time since last request: 8.733758 seconds.
  path: Assets/Shaders/Bloom.mat
  artifactKey: Guid(6a1de50b29f59774a98562e3a1271506) Importer(815301076,1909f56bfc062723c751e8b465ee728b)
Start importing Assets/Shaders/Bloom.mat using Guid(6a1de50b29f59774a98562e3a1271506) Importer(815301076,1909f56bfc062723c751e8b465ee728b)  -> (artifact id: '5c7035ce8a266fd8cd30e04acd4c6e5f') in 0.122235 seconds 
========================================================================
Received Import Request.
  Time since last request: 1.673013 seconds.
  path: Assets/Shaders/Bump (1).shader
  artifactKey: Guid(d8a43be0677bd11499fe835d288b9eb5) Importer(815301076,1909f56bfc062723c751e8b465ee728b)
Start importing Assets/Shaders/Bump (1).shader using Guid(d8a43be0677bd11499fe835d288b9eb5) Importer(815301076,1909f56bfc062723c751e8b465ee728b)  -> (artifact id: 'ee1294719fe8c84d6935b0e2a02580a8') in 0.025364 seconds 
========================================================================
Received Import Request.
  Time since last request: 5.736745 seconds.
  path: Assets/Shaders/Bump.mat
  artifactKey: Guid(594907f31d98b4a43b739db18ede2731) Importer(815301076,1909f56bfc062723c751e8b465ee728b)
Start importing Assets/Shaders/Bump.mat using Guid(594907f31d98b4a43b739db18ede2731) Importer(815301076,1909f56bfc062723c751e8b465ee728b)  -> (artifact id: '8ea7c8d5efeb62e48cd2b87a299570fb') in 0.111076 seconds 
========================================================================
Received Import Request.
  Time since last request: 2.662025 seconds.
  path: Assets/Shaders/ColorCondition.shader
  artifactKey: Guid(a94c24b283d44fd44a66eea820355061) Importer(815301076,1909f56bfc062723c751e8b465ee728b)
Start importing Assets/Shaders/ColorCondition.shader using Guid(a94c24b283d44fd44a66eea820355061) Importer(815301076,1909f56bfc062723c751e8b465ee728b)  -> (artifact id: '984b8d3a32bd517d843ebb1c7c05914b') in 0.007994 seconds 
========================================================================
Received Import Request.
  Time since last request: 11.477825 seconds.
  path: Assets/Shaders/ColorCondition.mat
  artifactKey: Guid(a8a60248f56d2da48a1c768a9a8e093b) Importer(815301076,1909f56bfc062723c751e8b465ee728b)
Start importing Assets/Shaders/ColorCondition.mat using Guid(a8a60248f56d2da48a1c768a9a8e093b) Importer(815301076,1909f56bfc062723c751e8b465ee728b)  -> (artifact id: '016d3494aef92cc32695211420fe72a2') in 0.041092 seconds 
========================================================================
Received Import Request.
  Time since last request: 2.870680 seconds.
  path: Assets/Shaders/DepthOfField (1).shader
  artifactKey: Guid(c4fe596b965a5004883aec5ac45f3292) Importer(815301076,1909f56bfc062723c751e8b465ee728b)
Start importing Assets/Shaders/DepthOfField (1).shader using Guid(c4fe596b965a5004883aec5ac45f3292) Importer(815301076,1909f56bfc062723c751e8b465ee728b)  -> (artifact id: '013537ce0ab0bcdc7079dad800e6dda3') in 0.023465 seconds 
========================================================================
Received Import Request.
  Time since last request: 9.243005 seconds.
  path: Assets/Shaders/DepthofField.mat
  artifactKey: Guid(bafff4256367ef54cad3ed683e0e9948) Importer(815301076,1909f56bfc062723c751e8b465ee728b)
Start importing Assets/Shaders/DepthofField.mat using Guid(bafff4256367ef54cad3ed683e0e9948) Importer(815301076,1909f56bfc062723c751e8b465ee728b)  -> (artifact id: '03936dc5daddd71917d5ccf2c09ba08b') in 0.132138 seconds 
========================================================================
Received Import Request.
  Time since last request: 2.304210 seconds.
  path: Assets/Shaders/Diffuse.shader
  artifactKey: Guid(886fe714676be7b4db98c236e859648c) Importer(815301076,1909f56bfc062723c751e8b465ee728b)
Start importing Assets/Shaders/Diffuse.shader using Guid(886fe714676be7b4db98c236e859648c) Importer(815301076,1909f56bfc062723c751e8b465ee728b)  -> (artifact id: '0cb661440c5bfc8e19703cd90bfc6021') in 0.026010 seconds 
========================================================================
Received Import Request.
  Time since last request: 4.510979 seconds.
  path: Assets/Shaders/Diffuse.mat
  artifactKey: Guid(77bf263e862a30c4eb8056e2457b2312) Importer(815301076,1909f56bfc062723c751e8b465ee728b)
Start importing Assets/Shaders/Diffuse.mat using Guid(77bf263e862a30c4eb8056e2457b2312) Importer(815301076,1909f56bfc062723c751e8b465ee728b)  -> (artifact id: '5830d6077ec74cce4cd16b92733bb46f') in 0.116408 seconds 
========================================================================
Received Import Request.
  Time since last request: 6.415828 seconds.
  path: Assets/Shaders/DiffuseWrap.shader
  artifactKey: Guid(dbab1c9ee53cc08408748783c0877279) Importer(815301076,1909f56bfc062723c751e8b465ee728b)
Start importing Assets/Shaders/DiffuseWrap.shader using Guid(dbab1c9ee53cc08408748783c0877279) Importer(815301076,1909f56bfc062723c751e8b465ee728b)  -> (artifact id: '3e2146f9688d311986d3731179cbd583') in 0.009708 seconds 
========================================================================
Received Import Request.
  Time since last request: 5.922536 seconds.
  path: Assets/Shaders/DiffuseWrap.mat
  artifactKey: Guid(096c774fa1e5c724ab38556e02366916) Importer(815301076,1909f56bfc062723c751e8b465ee728b)
Start importing Assets/Shaders/DiffuseWrap.mat using Guid(096c774fa1e5c724ab38556e02366916) Importer(815301076,1909f56bfc062723c751e8b465ee728b)  -> (artifact id: 'dca83123f170efe6f139b49cb8a84c18') in 0.100966 seconds 
========================================================================
Received Import Request.
  Time since last request: 1.842872 seconds.
  path: Assets/Shaders/DistortionScript.shader
  artifactKey: Guid(1b7ba6c204785fb4db7bd24f7506f005) Importer(815301076,1909f56bfc062723c751e8b465ee728b)
Start importing Assets/Shaders/DistortionScript.shader using Guid(1b7ba6c204785fb4db7bd24f7506f005) Importer(815301076,1909f56bfc062723c751e8b465ee728b)  -> (artifact id: '7315b781078125aa1aa1a342ba77e372') in 0.029148 seconds 
========================================================================
Received Import Request.
  Time since last request: 11.521956 seconds.
  path: Assets/Shaders/Distortion.mat
  artifactKey: Guid(f288465cb4ef51b49a8e3bfc03ff36fc) Importer(815301076,1909f56bfc062723c751e8b465ee728b)
Start importing Assets/Shaders/Distortion.mat using Guid(f288465cb4ef51b49a8e3bfc03ff36fc) Importer(815301076,1909f56bfc062723c751e8b465ee728b)  -> (artifact id: '133ce2d53ccd9eae8fe226c109811f65') in 0.036337 seconds 
========================================================================
Received Import Request.
  Time since last request: 3.458549 seconds.
  path: Assets/Shaders/HoleScript.shader
  artifactKey: Guid(4296a79c09d9e9c41b4c703b5cc5e15c) Importer(815301076,1909f56bfc062723c751e8b465ee728b)
Start importing Assets/Shaders/HoleScript.shader using Guid(4296a79c09d9e9c41b4c703b5cc5e15c) Importer(815301076,1909f56bfc062723c751e8b465ee728b)  -> (artifact id: '4863800c430b2ad65c5aa5691e4c3aa4') in 0.033252 seconds 
========================================================================
Received Import Request.
  Time since last request: 10.303188 seconds.
  path: Assets/Shaders/Hole.mat
  artifactKey: Guid(f268e04ac5f92c94f8fe995bb539fa22) Importer(815301076,1909f56bfc062723c751e8b465ee728b)
Start importing Assets/Shaders/Hole.mat using Guid(f268e04ac5f92c94f8fe995bb539fa22) Importer(815301076,1909f56bfc062723c751e8b465ee728b)  -> (artifact id: 'efda646cdfbb7e8575147402d1c155ff') in 0.101093 seconds 
========================================================================
Received Import Request.
  Time since last request: 9.154466 seconds.
  path: Assets/Shaders/HologramScript.shader
  artifactKey: Guid(9c2bcb5c344097c4fb81d930711b581f) Importer(815301076,1909f56bfc062723c751e8b465ee728b)
Start importing Assets/Shaders/HologramScript.shader using Guid(9c2bcb5c344097c4fb81d930711b581f) Importer(815301076,1909f56bfc062723c751e8b465ee728b)  -> (artifact id: '5910a6539ae1ae68fa03364bdcabf855') in 0.026593 seconds 
========================================================================
Received Import Request.
  Time since last request: 6.937831 seconds.
  path: Assets/Shaders/Hologram.mat
  artifactKey: Guid(73f4bb7476ae8f34094d556b7bd90e7c) Importer(815301076,1909f56bfc062723c751e8b465ee728b)
Start importing Assets/Shaders/Hologram.mat using Guid(73f4bb7476ae8f34094d556b7bd90e7c) Importer(815301076,1909f56bfc062723c751e8b465ee728b)  -> (artifact id: 'f2547eff3027193adb8cc90d57702808') in 0.115826 seconds 
========================================================================
Received Import Request.
  Time since last request: 1.562714 seconds.
  path: Assets/Shaders/IntensityShader (1).shader
  artifactKey: Guid(f481e5a3f440c5249a61ffca0831c0f9) Importer(815301076,1909f56bfc062723c751e8b465ee728b)
Start importing Assets/Shaders/IntensityShader (1).shader using Guid(f481e5a3f440c5249a61ffca0831c0f9) Importer(815301076,1909f56bfc062723c751e8b465ee728b)  -> (artifact id: 'aa7fb91379f4da2c02431ea80826c594') in 0.010726 seconds 
========================================================================
Received Import Request.
  Time since last request: 6.890988 seconds.
  path: Assets/Shaders/Intensity.mat
  artifactKey: Guid(57dfca7b610db4241abd45f5ec391397) Importer(815301076,1909f56bfc062723c751e8b465ee728b)
Start importing Assets/Shaders/Intensity.mat using Guid(57dfca7b610db4241abd45f5ec391397) Importer(815301076,1909f56bfc062723c751e8b465ee728b)  -> (artifact id: '7c5a518121076abf948586238936f8e7') in 0.188705 seconds 
========================================================================
Received Import Request.
  Time since last request: 1.254460 seconds.
  path: Assets/Shaders/Lambert.shader
  artifactKey: Guid(a485a2087a4b6c14ebcf519ec74493a2) Importer(815301076,1909f56bfc062723c751e8b465ee728b)
Start importing Assets/Shaders/Lambert.shader using Guid(a485a2087a4b6c14ebcf519ec74493a2) Importer(815301076,1909f56bfc062723c751e8b465ee728b)  -> (artifact id: 'f9d473932649bba7f37ccada4d081409') in 0.023925 seconds 
========================================================================
Received Import Request.
  Time since last request: 6.149313 seconds.
  path: Assets/Shaders/Lambert.mat
  artifactKey: Guid(881b61c3efcbc654c9be612c0e74bdd8) Importer(815301076,1909f56bfc062723c751e8b465ee728b)
Start importing Assets/Shaders/Lambert.mat using Guid(881b61c3efcbc654c9be612c0e74bdd8) Importer(815301076,1909f56bfc062723c751e8b465ee728b)  -> (artifact id: 'e4a6b087d5ae93c702f252da33fe2a9e') in 0.029517 seconds 
========================================================================
Received Import Request.
  Time since last request: 1.254210 seconds.
  path: Assets/Shaders/LambertLighting (1).shader
  artifactKey: Guid(04baddfa25ddfd649afe1e92ace2d7c0) Importer(815301076,1909f56bfc062723c751e8b465ee728b)
Start importing Assets/Shaders/LambertLighting (1).shader using Guid(04baddfa25ddfd649afe1e92ace2d7c0) Importer(815301076,1909f56bfc062723c751e8b465ee728b)  -> (artifact id: 'fd3edb21089fc3c79ee16cad0ea7ff8a') in 0.026651 seconds 
========================================================================
Received Import Request.
  Time since last request: 9.128841 seconds.
  path: Assets/Shaders/LamberLighting.mat
  artifactKey: Guid(7dc262dd0d268444d9e76adaa74fc1d6) Importer(815301076,1909f56bfc062723c751e8b465ee728b)
Start importing Assets/Shaders/LamberLighting.mat using Guid(7dc262dd0d268444d9e76adaa74fc1d6) Importer(815301076,1909f56bfc062723c751e8b465ee728b)  -> (artifact id: '44d712f913361ddd8d851eaba34d1cdd') in 0.097162 seconds 
========================================================================
Received Import Request.
  Time since last request: 2.292200 seconds.
  path: Assets/Shaders/LambertLighting.shader
  artifactKey: Guid(5b5659ccdd2bcaf46b6dde6c5b9f0bc8) Importer(815301076,1909f56bfc062723c751e8b465ee728b)
Start importing Assets/Shaders/LambertLighting.shader using Guid(5b5659ccdd2bcaf46b6dde6c5b9f0bc8) Importer(815301076,1909f56bfc062723c751e8b465ee728b)  -> (artifact id: 'ed455a97790e884c3cc1b2b74c41913f') in 0.008943 seconds 
========================================================================
Received Import Request.
  Time since last request: 7.747259 seconds.
  path: Assets/Shaders/LectureVertex.shader
  artifactKey: Guid(ae2e906a9ff4909499027e4e6abdc869) Importer(815301076,1909f56bfc062723c751e8b465ee728b)
Start importing Assets/Shaders/LectureVertex.shader using Guid(ae2e906a9ff4909499027e4e6abdc869) Importer(815301076,1909f56bfc062723c751e8b465ee728b)  -> (artifact id: '6b8a0fccff88d73bee1245ae10f3fe72') in 0.019825 seconds 
========================================================================
Received Import Request.
  Time since last request: 12.957551 seconds.
  path: Assets/Shaders/Vertex.mat
  artifactKey: Guid(ca968022f9c902e4e97f888ba133c99b) Importer(815301076,1909f56bfc062723c751e8b465ee728b)
Start importing Assets/Shaders/Vertex.mat using Guid(ca968022f9c902e4e97f888ba133c99b) Importer(815301076,1909f56bfc062723c751e8b465ee728b)  -> (artifact id: '0ad4793b1a5f180bcd70a656be781ea8') in 0.039448 seconds 
========================================================================
Received Import Request.
  Time since last request: 11.257550 seconds.
  path: Assets/Shaders/LecVertex.mat
  artifactKey: Guid(ca968022f9c902e4e97f888ba133c99b) Importer(815301076,1909f56bfc062723c751e8b465ee728b)
Start importing Assets/Shaders/LecVertex.mat using Guid(ca968022f9c902e4e97f888ba133c99b) Importer(815301076,1909f56bfc062723c751e8b465ee728b)  -> (artifact id: 'c95c37d324f09310c1096fb5c3fbd1e5') in 0.040348 seconds 
========================================================================
Received Import Request.
  Time since last request: 2.316380 seconds.
  path: Assets/Shaders/MyWaterShader (1).shader
  artifactKey: Guid(6ecde0a6514c8334f9ecbfa9febe8211) Importer(815301076,1909f56bfc062723c751e8b465ee728b)
Start importing Assets/Shaders/MyWaterShader (1).shader using Guid(6ecde0a6514c8334f9ecbfa9febe8211) Importer(815301076,1909f56bfc062723c751e8b465ee728b)  -> (artifact id: '7cd74bb6a92aaa57b402a98f3a4b7e3d') in 0.022004 seconds 
========================================================================
Received Import Request.
  Time since last request: 19.228518 seconds.
  path: Assets/Shaders/Water.mat
  artifactKey: Guid(27edc3779f8494e4bb8ce9892c0606c9) Importer(815301076,1909f56bfc062723c751e8b465ee728b)
Start importing Assets/Shaders/Water.mat using Guid(27edc3779f8494e4bb8ce9892c0606c9) Importer(815301076,1909f56bfc062723c751e8b465ee728b)  -> (artifact id: '35e7a4be2d21c53397555d1f657e4b66') in 0.130921 seconds 
========================================================================
Received Import Request.
  Time since last request: 3.425632 seconds.
  path: Assets/Shaders/Normalize.shader
  artifactKey: Guid(57ba2d2c220aa724a936444d3b2ce3d1) Importer(815301076,1909f56bfc062723c751e8b465ee728b)
Start importing Assets/Shaders/Normalize.shader using Guid(57ba2d2c220aa724a936444d3b2ce3d1) Importer(815301076,1909f56bfc062723c751e8b465ee728b)  -> (artifact id: 'f9ff854ca8f8116c660399e6bd97c2ab') in 0.008414 seconds 
========================================================================
Received Import Request.
  Time since last request: 8.002138 seconds.
  path: Assets/Shaders/Normalize.mat
  artifactKey: Guid(859c14701db519448af87893aeffcacc) Importer(815301076,1909f56bfc062723c751e8b465ee728b)
Start importing Assets/Shaders/Normalize.mat using Guid(859c14701db519448af87893aeffcacc) Importer(815301076,1909f56bfc062723c751e8b465ee728b)  -> (artifact id: '4235e1a431c99e952aabf0b103008963') in 0.029416 seconds 
========================================================================
Received Import Request.
  Time since last request: 2.730054 seconds.
  path: Assets/Shaders/Outlining.shader
  artifactKey: Guid(aad8c47a71f4e334eafc29a7d6bd47cc) Importer(815301076,1909f56bfc062723c751e8b465ee728b)
Start importing Assets/Shaders/Outlining.shader using Guid(aad8c47a71f4e334eafc29a7d6bd47cc) Importer(815301076,1909f56bfc062723c751e8b465ee728b)  -> (artifact id: '11c7e747e2cae2dfe36c3e821a808354') in 0.027590 seconds 
========================================================================
Received Import Request.
  Time since last request: 9.056780 seconds.
  path: Assets/Shaders/Outline.mat
  artifactKey: Guid(c0101f7d319925847bdbd4ebaccb82f0) Importer(815301076,1909f56bfc062723c751e8b465ee728b)
Start importing Assets/Shaders/Outline.mat using Guid(c0101f7d319925847bdbd4ebaccb82f0) Importer(815301076,1909f56bfc062723c751e8b465ee728b)  -> (artifact id: 'ed04ccff8eeeed897d2d8a740f3ddd6a') in 0.248068 seconds 
========================================================================
Received Import Request.
  Time since last request: 2.708806 seconds.
  path: Assets/Shaders/ReflectionScript.shader
  artifactKey: Guid(1dcae948f5b2fb341973ba758a58cdca) Importer(815301076,1909f56bfc062723c751e8b465ee728b)
Start importing Assets/Shaders/ReflectionScript.shader using Guid(1dcae948f5b2fb341973ba758a58cdca) Importer(815301076,1909f56bfc062723c751e8b465ee728b)  -> (artifact id: 'b348e8707207e3f1d57f2be5d5cae4fc') in 0.009523 seconds 
========================================================================
Received Import Request.
  Time since last request: 7.700169 seconds.
  path: Assets/Shaders/Reflection.mat
  artifactKey: Guid(9abc83c95df7d254eb8117ecdaa110a1) Importer(815301076,1909f56bfc062723c751e8b465ee728b)
Start importing Assets/Shaders/Reflection.mat using Guid(9abc83c95df7d254eb8117ecdaa110a1) Importer(815301076,1909f56bfc062723c751e8b465ee728b)  -> (artifact id: '0ad3fe7dd14030c69fccda21b26d1559') in 0.188833 seconds 
========================================================================
Received Import Request.
  Time since last request: 1.181161 seconds.
  path: Assets/Shaders/Rim.shader
  artifactKey: Guid(c8914f1dc8852bb4f96809a74695b9e7) Importer(815301076,1909f56bfc062723c751e8b465ee728b)
Start importing Assets/Shaders/Rim.shader using Guid(c8914f1dc8852bb4f96809a74695b9e7) Importer(815301076,1909f56bfc062723c751e8b465ee728b)  -> (artifact id: '34532a43e6477a3e2b72a968787ea85b') in 0.008503 seconds 
========================================================================
Received Import Request.
  Time since last request: 6.977211 seconds.
  path: Assets/Shaders/RimLighting.mat
  artifactKey: Guid(4ace501d7de2f7647b153726f72bc2ee) Importer(815301076,1909f56bfc062723c751e8b465ee728b)
Start importing Assets/Shaders/RimLighting.mat using Guid(4ace501d7de2f7647b153726f72bc2ee) Importer(815301076,1909f56bfc062723c751e8b465ee728b)  -> (artifact id: '824b801a32b75cce4546e0a823fa24dd') in 0.112410 seconds 
========================================================================
Received Import Request.
  Time since last request: 1.315382 seconds.
  path: Assets/Shaders/ScrollingWater.shader
  artifactKey: Guid(f54a7cad911679d4592a352907cbf25b) Importer(815301076,1909f56bfc062723c751e8b465ee728b)
Start importing Assets/Shaders/ScrollingWater.shader using Guid(f54a7cad911679d4592a352907cbf25b) Importer(815301076,1909f56bfc062723c751e8b465ee728b)  -> (artifact id: '5f2434c2b21c48e2c19e4c8e678f57df') in 0.024630 seconds 
========================================================================
Received Import Request.
  Time since last request: 2.021785 seconds.
  path: Assets/Shaders/Shadow-Shader.shader
  artifactKey: Guid(b43d84b3dea3aab45840cf36fb4388ce) Importer(815301076,1909f56bfc062723c751e8b465ee728b)
Start importing Assets/Shaders/Shadow-Shader.shader using Guid(b43d84b3dea3aab45840cf36fb4388ce) Importer(815301076,1909f56bfc062723c751e8b465ee728b)  -> (artifact id: 'fb4b9be0ee3ea907f60115ba0eea7ece') in 0.024469 seconds 
========================================================================
Received Import Request.
  Time since last request: 1.226372 seconds.
  path: Assets/Shaders/SimpleSpecular.shader
  artifactKey: Guid(cfa1af4e023afb34495f37ab38e35b6c) Importer(815301076,1909f56bfc062723c751e8b465ee728b)
Start importing Assets/Shaders/SimpleSpecular.shader using Guid(cfa1af4e023afb34495f37ab38e35b6c) Importer(815301076,1909f56bfc062723c751e8b465ee728b) Shader 'Custom/SimpleSpecular': fallback shader 'Simple Specular' not found
 -> (artifact id: 'ccde1d75361793c3ca5c639aa0a2fa19') in 0.024594 seconds 
========================================================================
Received Import Request.
  Time since last request: 5.453887 seconds.
  path: Assets/Shaders/Shadow.mat
  artifactKey: Guid(7365881786ad3f54ca3994436883174c) Importer(815301076,1909f56bfc062723c751e8b465ee728b)
Start importing Assets/Shaders/Shadow.mat using Guid(7365881786ad3f54ca3994436883174c) Importer(815301076,1909f56bfc062723c751e8b465ee728b)  -> (artifact id: '885af9060effd3b8cba02b6675c001fa') in 0.073636 seconds 
========================================================================
Received Import Request.
  Time since last request: 7.453080 seconds.
  path: Assets/Shaders/SimpleSpecular.mat
  artifactKey: Guid(947e402bddabf9441a3ad2d545ad0070) Importer(815301076,1909f56bfc062723c751e8b465ee728b)
Start importing Assets/Shaders/SimpleSpecular.mat using Guid(947e402bddabf9441a3ad2d545ad0070) Importer(815301076,1909f56bfc062723c751e8b465ee728b) Shader 'Custom/SimpleSpecular': fallback shader 'Simple Specular' not found
 -> (artifact id: 'dc7cb3287c108df810444a8807e30f45') in 0.105725 seconds 
========================================================================
Received Import Request.
  Time since last request: 1.577651 seconds.
  path: Assets/Shaders/Specular.shader
  artifactKey: Guid(3a6518315e9436a42a134b438a42470e) Importer(815301076,1909f56bfc062723c751e8b465ee728b)
Start importing Assets/Shaders/Specular.shader using Guid(3a6518315e9436a42a134b438a42470e) Importer(815301076,1909f56bfc062723c751e8b465ee728b)  -> (artifact id: '01809185ca82abdb3ed501558dd4246d') in 0.027680 seconds 
========================================================================
Received Import Request.
  Time since last request: 4.817809 seconds.
  path: Assets/Shaders/Specular.mat
  artifactKey: Guid(79fff677dd2dda34c8022f6446f7d1f0) Importer(815301076,1909f56bfc062723c751e8b465ee728b)
Start importing Assets/Shaders/Specular.mat using Guid(79fff677dd2dda34c8022f6446f7d1f0) Importer(815301076,1909f56bfc062723c751e8b465ee728b)  -> (artifact id: 'ff4f795f9c584beee77a1c5fc7d121b6') in 0.036799 seconds 
========================================================================
Received Import Request.
  Time since last request: 2.640410 seconds.
  path: Assets/Shaders/StandardPBR (1).shader
  artifactKey: Guid(aa19cec6bbcfa9042833b9df20622f4a) Importer(815301076,1909f56bfc062723c751e8b465ee728b)
Start importing Assets/Shaders/StandardPBR (1).shader using Guid(aa19cec6bbcfa9042833b9df20622f4a) Importer(815301076,1909f56bfc062723c751e8b465ee728b)  -> (artifact id: '5d4ae3b16ebd67706641388f6cfc10dc') in 0.008891 seconds 
========================================================================
Received Import Request.
  Time since last request: 7.603192 seconds.
  path: Assets/Shaders/StandardPBR.mat
  artifactKey: Guid(a16d66fb084b1424893e43632345057f) Importer(815301076,1909f56bfc062723c751e8b465ee728b)
Start importing Assets/Shaders/StandardPBR.mat using Guid(a16d66fb084b1424893e43632345057f) Importer(815301076,1909f56bfc062723c751e8b465ee728b)  -> (artifact id: '450cb6ab5f2ff1b17a8043e631a7f59c') in 0.135449 seconds 
========================================================================
Received Import Request.
  Time since last request: 1.271577 seconds.
  path: Assets/Shaders/SuperGlass.shader
  artifactKey: Guid(227e195e6e5dad443a72e609bf1bb283) Importer(815301076,1909f56bfc062723c751e8b465ee728b)
Start importing Assets/Shaders/SuperGlass.shader using Guid(227e195e6e5dad443a72e609bf1bb283) Importer(815301076,1909f56bfc062723c751e8b465ee728b)  -> (artifact id: 'bb7acd815b789def13da15590d5b8af1') in 0.021467 seconds 
========================================================================
Received Import Request.
  Time since last request: 0.377971 seconds.
  path: Assets/Shaders/StandardSpecPBR.shader
  artifactKey: Guid(42b8d6e75e55bbb4e987f3250e4c8b64) Importer(815301076,1909f56bfc062723c751e8b465ee728b)
Start importing Assets/Shaders/StandardSpecPBR.shader using Guid(42b8d6e75e55bbb4e987f3250e4c8b64) Importer(815301076,1909f56bfc062723c751e8b465ee728b)  -> (artifact id: '8691fcc99ea703549908d8da944fbdef') in 0.030659 seconds 
========================================================================
Received Import Request.
  Time since last request: 10.503946 seconds.
  path: Assets/Shaders/StandardSpecPBR.mat
  artifactKey: Guid(a93c6e28b3926984999182bba62be3fe) Importer(815301076,1909f56bfc062723c751e8b465ee728b)
Start importing Assets/Shaders/StandardSpecPBR.mat using Guid(a93c6e28b3926984999182bba62be3fe) Importer(815301076,1909f56bfc062723c751e8b465ee728b)  -> (artifact id: '98d985eb6cf7231bc82dfc4ecfe0cca1') in 0.126720 seconds 
========================================================================
Received Import Request.
  Time since last request: 13.428270 seconds.
  path: Assets/Shaders/SuperGlass.mat
  artifactKey: Guid(2b27c6d90629a3843bf95352f02e5ec7) Importer(815301076,1909f56bfc062723c751e8b465ee728b)
Start importing Assets/Shaders/SuperGlass.mat using Guid(2b27c6d90629a3843bf95352f02e5ec7) Importer(815301076,1909f56bfc062723c751e8b465ee728b)  -> (artifact id: 'cdc6d45f22668f3d8d11c736dcf7041f') in 0.037103 seconds 
========================================================================
Received Import Request.
  Time since last request: 4.924777 seconds.
  path: Assets/Shaders/ToonRamp.shader
  artifactKey: Guid(ea73897176b9fcf4b87385ec236e8b9a) Importer(815301076,1909f56bfc062723c751e8b465ee728b)
Start importing Assets/Shaders/ToonRamp.shader using Guid(ea73897176b9fcf4b87385ec236e8b9a) Importer(815301076,1909f56bfc062723c751e8b465ee728b)  -> (artifact id: 'f06bfb692c80dd9f14b4d6fe2ef0e407') in 0.008677 seconds 
========================================================================
Received Import Request.
  Time since last request: 4.912575 seconds.
  path: Assets/Shaders/ToonRamp.mat
  artifactKey: Guid(124514190b229744fbd24499caed0cbc) Importer(815301076,1909f56bfc062723c751e8b465ee728b)
Start importing Assets/Shaders/ToonRamp.mat using Guid(124514190b229744fbd24499caed0cbc) Importer(815301076,1909f56bfc062723c751e8b465ee728b)  -> (artifact id: '89933fc84a30967eadd6734213c8a200') in 0.101988 seconds 
========================================================================
Received Import Request.
  Time since last request: 1.407549 seconds.
  path: Assets/Shaders/UVCoordinates.shader
  artifactKey: Guid(8f4306347678867418fbbcfac7439468) Importer(815301076,1909f56bfc062723c751e8b465ee728b)
Start importing Assets/Shaders/UVCoordinates.shader using Guid(8f4306347678867418fbbcfac7439468) Importer(815301076,1909f56bfc062723c751e8b465ee728b)  -> (artifact id: '5d89f8acc696f89f89acf97aecda4349') in 0.027266 seconds 
========================================================================
Received Import Request.
  Time since last request: 9.892517 seconds.
  path: Assets/Shaders/UVCoordinates.mat
  artifactKey: Guid(00cd382b531fda94997e49e38d406592) Importer(815301076,1909f56bfc062723c751e8b465ee728b)
Start importing Assets/Shaders/UVCoordinates.mat using Guid(00cd382b531fda94997e49e38d406592) Importer(815301076,1909f56bfc062723c751e8b465ee728b)  -> (artifact id: 'ebcc726bc3b25f841f72f1c7557b6d22') in 0.036250 seconds 
========================================================================
Received Import Request.
  Time since last request: 1.978688 seconds.
  path: Assets/Shaders/Vertex_Extruding.shader
  artifactKey: Guid(99c269d60697078499d27279b427c37a) Importer(815301076,1909f56bfc062723c751e8b465ee728b)
Start importing Assets/Shaders/Vertex_Extruding.shader using Guid(99c269d60697078499d27279b427c37a) Importer(815301076,1909f56bfc062723c751e8b465ee728b)  -> (artifact id: '48287562ca86a3cada763fa94d2ea912') in 0.026560 seconds 
========================================================================
Received Import Request.
  Time since last request: 8.596641 seconds.
  path: Assets/Shaders/VertexExtrude.mat
  artifactKey: Guid(ec6393241517e0c45aa95bf7425201d3) Importer(815301076,1909f56bfc062723c751e8b465ee728b)
Start importing Assets/Shaders/VertexExtrude.mat using Guid(ec6393241517e0c45aa95bf7425201d3) Importer(815301076,1909f56bfc062723c751e8b465ee728b)  -> (artifact id: '34f7f7c2d373d377841cc8e9e720fa92') in 0.108243 seconds 
========================================================================
Received Import Request.
  Time since last request: 1.294387 seconds.
  path: Assets/Shaders/ViewDir.shader
  artifactKey: Guid(98ac67af2e022354390990b94cee7124) Importer(815301076,1909f56bfc062723c751e8b465ee728b)
Start importing Assets/Shaders/ViewDir.shader using Guid(98ac67af2e022354390990b94cee7124) Importer(815301076,1909f56bfc062723c751e8b465ee728b)  -> (artifact id: '468fb4a8aa8404b2afa0feed744a9036') in 0.010070 seconds 
========================================================================
Received Import Request.
  Time since last request: 4.512224 seconds.
  path: Assets/Shaders/ViewDIR.mat
  artifactKey: Guid(fe8827b0934b3ab41a14eeadc6df0c3d) Importer(815301076,1909f56bfc062723c751e8b465ee728b)
Start importing Assets/Shaders/ViewDIR.mat using Guid(fe8827b0934b3ab41a14eeadc6df0c3d) Importer(815301076,1909f56bfc062723c751e8b465ee728b)  -> (artifact id: '7df5be5e5280aa7695023ab472f26160') in 0.029331 seconds 
========================================================================
Received Import Request.
  Time since last request: 1.544673 seconds.
  path: Assets/Shaders/WallShader.shader
  artifactKey: Guid(b2dc6372ea582cb49aed4d70fa2acc2e) Importer(815301076,1909f56bfc062723c751e8b465ee728b)
Start importing Assets/Shaders/WallShader.shader using Guid(b2dc6372ea582cb49aed4d70fa2acc2e) Importer(815301076,1909f56bfc062723c751e8b465ee728b)  -> (artifact id: '9dd148790f6787ed68e791350de8fa9d') in 0.028020 seconds 
========================================================================
Received Import Request.
  Time since last request: 4.866358 seconds.
  path: Assets/Shaders/Wall.mat
  artifactKey: Guid(d3a4cba8aa86ada499a6d79cdfa19173) Importer(815301076,1909f56bfc062723c751e8b465ee728b)
Start importing Assets/Shaders/Wall.mat using Guid(d3a4cba8aa86ada499a6d79cdfa19173) Importer(815301076,1909f56bfc062723c751e8b465ee728b)  -> (artifact id: '806bcc655a21a5567c07bec37fb79508') in 0.100910 seconds 
========================================================================
Received Import Request.
  Time since last request: 2.390256 seconds.
  path: Assets/Shaders/WaterClassShader.shader
  artifactKey: Guid(3f06988c16b1804458d870c1d8ed9716) Importer(815301076,1909f56bfc062723c751e8b465ee728b)
Start importing Assets/Shaders/WaterClassShader.shader using Guid(3f06988c16b1804458d870c1d8ed9716) Importer(815301076,1909f56bfc062723c751e8b465ee728b)  -> (artifact id: '0e39982ab05e93aecbe9e84adf28af92') in 0.009591 seconds 
========================================================================
Received Import Request.
  Time since last request: 5.552968 seconds.
  path: Assets/Shaders/WaterClass.mat
  artifactKey: Guid(98a92bbd4bd5cce48bcc98824ef984bc) Importer(815301076,1909f56bfc062723c751e8b465ee728b)
Start importing Assets/Shaders/WaterClass.mat using Guid(98a92bbd4bd5cce48bcc98824ef984bc) Importer(815301076,1909f56bfc062723c751e8b465ee728b)  -> (artifact id: '3b233aa9ad2bf3b72d10a235c965a433') in 0.110766 seconds 
========================================================================
Received Import Request.
  Time since last request: 2.107841 seconds.
  path: Assets/Shaders/WorldNormViewDir.shader
  artifactKey: Guid(721f1f923f079b24d92b7b9d7a9f317f) Importer(815301076,1909f56bfc062723c751e8b465ee728b)
Start importing Assets/Shaders/WorldNormViewDir.shader using Guid(721f1f923f079b24d92b7b9d7a9f317f) Importer(815301076,1909f56bfc062723c751e8b465ee728b)  -> (artifact id: 'b8888495fff3e655eb65191d486a4bcb') in 0.009512 seconds 
========================================================================
Received Import Request.
  Time since last request: 7.168873 seconds.
  path: Assets/Shaders/WorldNormViewDIR.mat
  artifactKey: Guid(bebcf0c76402eb149a4d66384afa2189) Importer(815301076,1909f56bfc062723c751e8b465ee728b)
Start importing Assets/Shaders/WorldNormViewDIR.mat using Guid(bebcf0c76402eb149a4d66384afa2189) Importer(815301076,1909f56bfc062723c751e8b465ee728b)  -> (artifact id: 'a12ff846cca20a083ab13b5135c71fbb') in 0.031323 seconds 
========================================================================
Received Import Request.
  Time since last request: 2.257545 seconds.
  path: Assets/Shaders/WorldPos.shader
  artifactKey: Guid(ddf6f506bbbfc7e43b53f9e130a06356) Importer(815301076,1909f56bfc062723c751e8b465ee728b)
Start importing Assets/Shaders/WorldPos.shader using Guid(ddf6f506bbbfc7e43b53f9e130a06356) Importer(815301076,1909f56bfc062723c751e8b465ee728b)  -> (artifact id: 'e92af09b66560b509e035d6e88af109e') in 0.010077 seconds 
========================================================================
Received Import Request.
  Time since last request: 5.330105 seconds.
  path: Assets/Shaders/WorldPos.mat
  artifactKey: Guid(f881c860778888d478a4ba9cdb3ca609) Importer(815301076,1909f56bfc062723c751e8b465ee728b)
Start importing Assets/Shaders/WorldPos.mat using Guid(f881c860778888d478a4ba9cdb3ca609) Importer(815301076,1909f56bfc062723c751e8b465ee728b)  -> (artifact id: '8b46b9cb17be39ef9dcfd01e5c5b6f3e') in 0.027121 seconds 
